time="2022-01-11 14:50:48.125" level=error msg="Error 1366: Incorrect decimal value: '' for column 'last_reward' at row 1" func=auction/models.InsertHolder file="C:/Users/chunde01/Desktop/work/dapp/backend/models/contract.go:55"
time="2022-01-11 14:50:48.126" level=error msg="Error 1366: Incorrect decimal value: '' for column 'last_reward' at row 1" func=auction/utils.TimerBy5Minute file="C:/Users/chunde01/Desktop/work/dapp/backend/utils/timer.go:81"
time="2022-01-11 14:57:30.777" level=error msg="Error 1146: Table 'auction.assets' doesn't exist" func=auction/models.InsertHolder file="C:/Users/chunde01/Desktop/work/dapp/backend/models/contract.go:64"
time="2022-01-11 14:57:30.778" level=error msg="Error 1146: Table 'auction.assets' doesn't exist" func=auction/utils.TimerBy5Minute file="C:/Users/chunde01/Desktop/work/dapp/backend/utils/timer.go:81"
time="2022-01-13 09:31:31.634" level=error msg="unexpected end of JSON input" func=auction/utils.TimerBy7Minute file="C:/Users/chunde01/Desktop/work/dapp/backend/utils/timer.go:77"
time="2022-01-14 09:34:57.706" level=error msg="Error 1054: Unknown column 'stage' in 'field list'" func=auction/models.UpdateLastReward file="C:/Users/chunde01/Desktop/work/dapp/backend/models/contract.go:118"
time="2022-01-14 09:34:57.706" level=error msg="Error 1054: Unknown column 'stage' in 'field list'" func=auction/utils.TimerBy4Hours file="C:/Users/chunde01/Desktop/work/dapp/backend/utils/timer.go:167"
time="2022-01-14 09:37:57.705" level=error msg="Error 1054: Unknown column 'stage' in 'field list'" func=auction/models.UpdateLastReward file="C:/Users/chunde01/Desktop/work/dapp/backend/models/contract.go:118"
time="2022-01-14 09:37:57.706" level=error msg="Error 1054: Unknown column 'stage' in 'field list'" func=auction/utils.TimerBy4Hours file="C:/Users/chunde01/Desktop/work/dapp/backend/utils/timer.go:167"
time="2022-01-17 09:29:35.973" level=error msg="record not found" func=auction/models.InsertHolder file="C:/Users/chunde01/Desktop/work/dapp/backend/models/contract.go:51"
time="2022-01-17 09:29:35.976" level=error msg="record not found" func=auction/utils.TimerBy7Minute file="C:/Users/chunde01/Desktop/work/dapp/backend/utils/timer.go:83"
time="2022-01-17 09:31:35.972" level=error msg="record not found" func=auction/models.InsertHolder file="C:/Users/chunde01/Desktop/work/dapp/backend/models/contract.go:51"
time="2022-01-17 09:31:35.973" level=error msg="record not found" func=auction/utils.TimerBy7Minute file="C:/Users/chunde01/Desktop/work/dapp/backend/utils/timer.go:83"
time="2022-01-17 09:33:35.974" level=error msg="record not found" func=auction/models.InsertHolder file="C:/Users/chunde01/Desktop/work/dapp/backend/models/contract.go:51"
time="2022-01-17 09:33:35.975" level=error msg="record not found" func=auction/utils.TimerBy7Minute file="C:/Users/chunde01/Desktop/work/dapp/backend/utils/timer.go:83"
time="2022-01-19 15:17:31.103" level=error msg="Error 1146: Table 'auction.refresh_times' doesn't exist" func=auction/models.UpdateRefreshTime file="C:/Users/chunde01/Desktop/work/dapp/backend/models/contract.go:147"
time="2022-01-19 15:17:31.103" level=error msg="Error 1146: Table 'auction.refresh_times' doesn't exist" func=auction/utils.Timer file="C:/Users/chunde01/Desktop/work/dapp/backend/utils/timer.go:17"
time="2022-01-19 15:18:36.376" level=error msg="Error 1264: Out of range value for column 'current_quantity' at row 1" func=auction/models.InsertHolder file="C:/Users/chunde01/Desktop/work/dapp/backend/models/contract.go:81"
time="2022-01-19 15:18:36.377" level=error msg="Error 1264: Out of range value for column 'current_quantity' at row 1" func=auction/utils.TimerBy7Minute file="C:/Users/chunde01/Desktop/work/dapp/backend/utils/timer.go:148"
time="2022-01-19 15:21:09.621" level=error msg="Error 1406: Data too long for column 'holder_address' at row 1" func=auction/models.InsertHolder file="C:/Users/chunde01/Desktop/work/dapp/backend/models/contract.go:81"
time="2022-01-19 15:21:09.621" level=error msg="Error 1406: Data too long for column 'holder_address' at row 1" func=auction/utils.TimerBy7Minute file="C:/Users/chunde01/Desktop/work/dapp/backend/utils/timer.go:148"
time="2022-01-19 15:21:58.740" level=error msg="Error 1406: Data too long for column 'holder_address' at row 1" func=auction/models.InsertHolder file="C:/Users/chunde01/Desktop/work/dapp/backend/models/contract.go:81"
time="2022-01-19 15:21:58.741" level=error msg="Error 1406: Data too long for column 'holder_address' at row 1" func=auction/utils.TimerBy7Minute file="C:/Users/chunde01/Desktop/work/dapp/backend/utils/timer.go:148"
time="2022-01-25 16:23:57.896" level=error msg="Error 1146: Table 'auction.holders' doesn't exist" func=auction/models.InsertHolder file="C:/Users/chunde01/Desktop/work/dapp/backend/models/contract.go:51"
time="2022-01-25 16:23:57.898" level=error msg="Error 1146: Table 'auction.holders' doesn't exist" func=auction/utils.TimerBy7Minute file="C:/Users/chunde01/Desktop/work/dapp/backend/utils/timer.go:148"
time="2022-01-25 16:24:35.124" level=error msg="Error 1146: Table 'auction.holders' doesn't exist" func=auction/models.FindLastHoldersRank file="C:/Users/chunde01/Desktop/work/dapp/backend/models/contract.go:101"
time="2022-01-25 16:24:35.125" level=error msg="Error 1146: Table 'auction.holders' doesn't exist" func=auction/routers/comm.getLastRank file="C:/Users/chunde01/Desktop/work/dapp/backend/routers/comm/comm_service.go:11"
time="2022-01-25 16:24:35.125" level=error msg="Error 1146: Table 'auction.holders' doesn't exist" func=auction/routers/comm.GetLastRank file="C:/Users/chunde01/Desktop/work/dapp/backend/routers/comm/comm_router.go:24"
time="2022-01-25 16:24:35.132" level=error msg="Error 1146: Table 'auction.holders' doesn't exist" func=auction/models.FindCurrentHoldersRank file="C:/Users/chunde01/Desktop/work/dapp/backend/models/contract.go:114"
time="2022-01-25 16:24:35.132" level=error msg="Error 1146: Table 'auction.holders' doesn't exist" func=auction/routers/comm.getCurrentRank file="C:/Users/chunde01/Desktop/work/dapp/backend/routers/comm/comm_service.go:20"
time="2022-01-25 16:24:35.132" level=error msg="Error 1146: Table 'auction.holders' doesn't exist" func=auction/routers/comm.GetCurrentRank file="C:/Users/chunde01/Desktop/work/dapp/backend/routers/comm/comm_router.go:34"
time="2022-01-25 16:24:35.133" level=error msg="Error 1146: Table 'auction.refresh_times' doesn't exist" func=auction/models.FindRefreshTime file="C:/Users/chunde01/Desktop/work/dapp/backend/models/contract.go:205"
time="2022-01-25 16:24:35.133" level=error msg="Error 1146: Table 'auction.refresh_times' doesn't exist" func=auction/routers/comm.getRefreshTime file="C:/Users/chunde01/Desktop/work/dapp/backend/routers/comm/comm_service.go:47"
time="2022-01-25 16:24:35.133" level=error msg="Error 1146: Table 'auction.refresh_times' doesn't exist" func=auction/routers/comm.GetRefreshTime file="C:/Users/chunde01/Desktop/work/dapp/backend/routers/comm/comm_router.go:75"
time="2022-01-25 16:25:41.630" level=error msg="Error 1146: Table 'auction.holders' doesn't exist" func=auction/models.FindLastHoldersRank file="C:/Users/chunde01/Desktop/work/dapp/backend/models/contract.go:101"
time="2022-01-25 16:25:41.631" level=error msg="Error 1146: Table 'auction.holders' doesn't exist" func=auction/routers/comm.getLastRank file="C:/Users/chunde01/Desktop/work/dapp/backend/routers/comm/comm_service.go:11"
time="2022-01-25 16:25:41.631" level=error msg="Error 1146: Table 'auction.holders' doesn't exist" func=auction/routers/comm.GetLastRank file="C:/Users/chunde01/Desktop/work/dapp/backend/routers/comm/comm_router.go:24"
time="2022-01-25 16:25:41.632" level=error msg="Error 1146: Table 'auction.holders' doesn't exist" func=auction/models.FindCurrentHoldersRank file="C:/Users/chunde01/Desktop/work/dapp/backend/models/contract.go:114"
time="2022-01-25 16:25:41.632" level=error msg="Error 1146: Table 'auction.refresh_times' doesn't exist" func=auction/models.FindRefreshTime file="C:/Users/chunde01/Desktop/work/dapp/backend/models/contract.go:205"
time="2022-01-25 16:25:41.632" level=error msg="Error 1146: Table 'auction.holders' doesn't exist" func=auction/routers/comm.getCurrentRank file="C:/Users/chunde01/Desktop/work/dapp/backend/routers/comm/comm_service.go:20"
time="2022-01-25 16:25:41.633" level=error msg="Error 1146: Table 'auction.refresh_times' doesn't exist" func=auction/routers/comm.getRefreshTime file="C:/Users/chunde01/Desktop/work/dapp/backend/routers/comm/comm_service.go:47"
time="2022-01-25 16:25:41.633" level=error msg="Error 1146: Table 'auction.holders' doesn't exist" func=auction/routers/comm.GetCurrentRank file="C:/Users/chunde01/Desktop/work/dapp/backend/routers/comm/comm_router.go:34"
time="2022-01-25 16:25:41.633" level=error msg="Error 1146: Table 'auction.refresh_times' doesn't exist" func=auction/routers/comm.GetRefreshTime file="C:/Users/chunde01/Desktop/work/dapp/backend/routers/comm/comm_router.go:75"
time="2022-01-25 16:25:44.504" level=error msg="Error 1146: Table 'auction.holders' doesn't exist" func=auction/models.FindLastHoldersRank file="C:/Users/chunde01/Desktop/work/dapp/backend/models/contract.go:101"
time="2022-01-25 16:25:44.505" level=error msg="Error 1146: Table 'auction.holders' doesn't exist" func=auction/routers/comm.getLastRank file="C:/Users/chunde01/Desktop/work/dapp/backend/routers/comm/comm_service.go:11"
time="2022-01-25 16:25:44.505" level=error msg="Error 1146: Table 'auction.holders' doesn't exist" func=auction/routers/comm.GetLastRank file="C:/Users/chunde01/Desktop/work/dapp/backend/routers/comm/comm_router.go:24"
time="2022-01-25 16:25:44.506" level=error msg="Error 1146: Table 'auction.holders' doesn't exist" func=auction/models.FindCurrentHoldersRank file="C:/Users/chunde01/Desktop/work/dapp/backend/models/contract.go:114"
time="2022-01-25 16:25:44.506" level=error msg="Error 1146: Table 'auction.refresh_times' doesn't exist" func=auction/models.FindRefreshTime file="C:/Users/chunde01/Desktop/work/dapp/backend/models/contract.go:205"
time="2022-01-25 16:25:44.507" level=error msg="Error 1146: Table 'auction.holders' doesn't exist" func=auction/routers/comm.getCurrentRank file="C:/Users/chunde01/Desktop/work/dapp/backend/routers/comm/comm_service.go:20"
time="2022-01-25 16:25:44.507" level=error msg="Error 1146: Table 'auction.refresh_times' doesn't exist" func=auction/routers/comm.getRefreshTime file="C:/Users/chunde01/Desktop/work/dapp/backend/routers/comm/comm_service.go:47"
time="2022-01-25 16:25:44.508" level=error msg="Error 1146: Table 'auction.holders' doesn't exist" func=auction/routers/comm.GetCurrentRank file="C:/Users/chunde01/Desktop/work/dapp/backend/routers/comm/comm_router.go:34"
time="2022-01-25 16:25:44.508" level=error msg="Error 1146: Table 'auction.refresh_times' doesn't exist" func=auction/routers/comm.GetRefreshTime file="C:/Users/chunde01/Desktop/work/dapp/backend/routers/comm/comm_router.go:75"
time="2022-01-25 16:27:55.877" level=error msg="Error 1146: Table 'auction.holders' doesn't exist" func=auction/models.FindLastHoldersRank file="C:/Users/chunde01/Desktop/work/dapp/backend/models/contract.go:101"
time="2022-01-25 16:27:55.878" level=error msg="Error 1146: Table 'auction.holders' doesn't exist" func=auction/routers/comm.getLastRank file="C:/Users/chunde01/Desktop/work/dapp/backend/routers/comm/comm_service.go:11"
time="2022-01-25 16:27:55.878" level=error msg="Error 1146: Table 'auction.holders' doesn't exist" func=auction/routers/comm.GetLastRank file="C:/Users/chunde01/Desktop/work/dapp/backend/routers/comm/comm_router.go:24"
time="2022-01-25 16:27:55.879" level=error msg="Error 1146: Table 'auction.refresh_times' doesn't exist" func=auction/models.FindRefreshTime file="C:/Users/chunde01/Desktop/work/dapp/backend/models/contract.go:205"
time="2022-01-25 16:27:55.879" level=error msg="Error 1146: Table 'auction.refresh_times' doesn't exist" func=auction/routers/comm.getRefreshTime file="C:/Users/chunde01/Desktop/work/dapp/backend/routers/comm/comm_service.go:47"
time="2022-01-25 16:27:55.880" level=error msg="Error 1146: Table 'auction.refresh_times' doesn't exist" func=auction/routers/comm.GetRefreshTime file="C:/Users/chunde01/Desktop/work/dapp/backend/routers/comm/comm_router.go:75"
time="2022-01-25 16:27:55.880" level=error msg="Error 1146: Table 'auction.holders' doesn't exist" func=auction/models.FindCurrentHoldersRank file="C:/Users/chunde01/Desktop/work/dapp/backend/models/contract.go:114"
time="2022-01-25 16:27:55.881" level=error msg="Error 1146: Table 'auction.holders' doesn't exist" func=auction/routers/comm.getCurrentRank file="C:/Users/chunde01/Desktop/work/dapp/backend/routers/comm/comm_service.go:20"
time="2022-01-25 16:27:55.881" level=error msg="Error 1146: Table 'auction.holders' doesn't exist" func=auction/routers/comm.GetCurrentRank file="C:/Users/chunde01/Desktop/work/dapp/backend/routers/comm/comm_router.go:34"
time="2022-01-25 16:28:57.896" level=error msg="Error 1146: Table 'auction.holders' doesn't exist" func=auction/models.InsertHolder file="C:/Users/chunde01/Desktop/work/dapp/backend/models/contract.go:51"
time="2022-01-25 16:28:57.896" level=error msg="Error 1146: Table 'auction.holders' doesn't exist" func=auction/utils.TimerBy7Minute file="C:/Users/chunde01/Desktop/work/dapp/backend/utils/timer.go:148"
time="2022-01-25 16:29:27.261" level=error msg="Error 1146: Table 'auction.holders' doesn't exist" func=auction/models.FindLastHoldersRank file="C:/Users/chunde01/Desktop/work/dapp/backend/models/contract.go:101"
time="2022-01-25 16:29:27.262" level=error msg="Error 1146: Table 'auction.holders' doesn't exist" func=auction/routers/comm.getLastRank file="C:/Users/chunde01/Desktop/work/dapp/backend/routers/comm/comm_service.go:11"
time="2022-01-25 16:29:27.262" level=error msg="Error 1146: Table 'auction.holders' doesn't exist" func=auction/routers/comm.GetLastRank file="C:/Users/chunde01/Desktop/work/dapp/backend/routers/comm/comm_router.go:24"
time="2022-01-25 16:29:27.263" level=error msg="Error 1146: Table 'auction.holders' doesn't exist" func=auction/models.FindCurrentHoldersRank file="C:/Users/chunde01/Desktop/work/dapp/backend/models/contract.go:114"
time="2022-01-25 16:29:27.264" level=error msg="Error 1146: Table 'auction.holders' doesn't exist" func=auction/routers/comm.getCurrentRank file="C:/Users/chunde01/Desktop/work/dapp/backend/routers/comm/comm_service.go:20"
time="2022-01-25 16:29:27.264" level=error msg="Error 1146: Table 'auction.holders' doesn't exist" func=auction/routers/comm.GetCurrentRank file="C:/Users/chunde01/Desktop/work/dapp/backend/routers/comm/comm_router.go:34"
time="2022-01-25 16:29:27.265" level=error msg="Error 1146: Table 'auction.refresh_times' doesn't exist" func=auction/models.FindRefreshTime file="C:/Users/chunde01/Desktop/work/dapp/backend/models/contract.go:205"
time="2022-01-25 16:29:27.265" level=error msg="Error 1146: Table 'auction.refresh_times' doesn't exist" func=auction/routers/comm.getRefreshTime file="C:/Users/chunde01/Desktop/work/dapp/backend/routers/comm/comm_service.go:47"
time="2022-01-25 16:29:27.265" level=error msg="Error 1146: Table 'auction.refresh_times' doesn't exist" func=auction/routers/comm.GetRefreshTime file="C:/Users/chunde01/Desktop/work/dapp/backend/routers/comm/comm_router.go:75"
time="2022-01-25 16:29:32.253" level=error msg="Error 1146: Table 'auction.holders' doesn't exist" func=auction/models.FindLastHoldersRank file="C:/Users/chunde01/Desktop/work/dapp/backend/models/contract.go:101"
time="2022-01-25 16:29:32.254" level=error msg="Error 1146: Table 'auction.holders' doesn't exist" func=auction/routers/comm.getLastRank file="C:/Users/chunde01/Desktop/work/dapp/backend/routers/comm/comm_service.go:11"
time="2022-01-25 16:29:32.254" level=error msg="Error 1146: Table 'auction.holders' doesn't exist" func=auction/routers/comm.GetLastRank file="C:/Users/chunde01/Desktop/work/dapp/backend/routers/comm/comm_router.go:24"
time="2022-01-25 16:29:32.255" level=error msg="Error 1146: Table 'auction.holders' doesn't exist" func=auction/models.FindCurrentHoldersRank file="C:/Users/chunde01/Desktop/work/dapp/backend/models/contract.go:114"
time="2022-01-25 16:29:32.256" level=error msg="Error 1146: Table 'auction.holders' doesn't exist" func=auction/routers/comm.getCurrentRank file="C:/Users/chunde01/Desktop/work/dapp/backend/routers/comm/comm_service.go:20"
time="2022-01-25 16:29:32.257" level=error msg="Error 1146: Table 'auction.holders' doesn't exist" func=auction/routers/comm.GetCurrentRank file="C:/Users/chunde01/Desktop/work/dapp/backend/routers/comm/comm_router.go:34"
time="2022-01-25 16:29:32.257" level=error msg="Error 1146: Table 'auction.refresh_times' doesn't exist" func=auction/models.FindRefreshTime file="C:/Users/chunde01/Desktop/work/dapp/backend/models/contract.go:205"
time="2022-01-25 16:29:32.258" level=error msg="Error 1146: Table 'auction.refresh_times' doesn't exist" func=auction/routers/comm.getRefreshTime file="C:/Users/chunde01/Desktop/work/dapp/backend/routers/comm/comm_service.go:47"
time="2022-01-25 16:29:32.258" level=error msg="Error 1146: Table 'auction.refresh_times' doesn't exist" func=auction/routers/comm.GetRefreshTime file="C:/Users/chunde01/Desktop/work/dapp/backend/routers/comm/comm_router.go:75"
time="2022-01-25 16:29:59.331" level=error msg="Error 1146: Table 'auction.holders' doesn't exist" func=auction/models.FindLastHoldersRank file="C:/Users/chunde01/Desktop/work/dapp/backend/models/contract.go:101"
time="2022-01-25 16:29:59.331" level=error msg="Error 1146: Table 'auction.holders' doesn't exist" func=auction/routers/comm.getLastRank file="C:/Users/chunde01/Desktop/work/dapp/backend/routers/comm/comm_service.go:11"
time="2022-01-25 16:29:59.331" level=error msg="Error 1146: Table 'auction.holders' doesn't exist" func=auction/routers/comm.GetLastRank file="C:/Users/chunde01/Desktop/work/dapp/backend/routers/comm/comm_router.go:24"
time="2022-01-25 16:29:59.332" level=error msg="Error 1146: Table 'auction.holders' doesn't exist" func=auction/models.FindCurrentHoldersRank file="C:/Users/chunde01/Desktop/work/dapp/backend/models/contract.go:114"
time="2022-01-25 16:29:59.333" level=error msg="Error 1146: Table 'auction.holders' doesn't exist" func=auction/routers/comm.getCurrentRank file="C:/Users/chunde01/Desktop/work/dapp/backend/routers/comm/comm_service.go:20"
time="2022-01-25 16:29:59.333" level=error msg="Error 1146: Table 'auction.holders' doesn't exist" func=auction/routers/comm.GetCurrentRank file="C:/Users/chunde01/Desktop/work/dapp/backend/routers/comm/comm_router.go:34"
time="2022-01-25 16:29:59.334" level=error msg="Error 1146: Table 'auction.refresh_times' doesn't exist" func=auction/models.FindRefreshTime file="C:/Users/chunde01/Desktop/work/dapp/backend/models/contract.go:205"
time="2022-01-25 16:29:59.334" level=error msg="Error 1146: Table 'auction.refresh_times' doesn't exist" func=auction/routers/comm.getRefreshTime file="C:/Users/chunde01/Desktop/work/dapp/backend/routers/comm/comm_service.go:47"
time="2022-01-25 16:29:59.335" level=error msg="Error 1146: Table 'auction.refresh_times' doesn't exist" func=auction/routers/comm.GetRefreshTime file="C:/Users/chunde01/Desktop/work/dapp/backend/routers/comm/comm_router.go:75"
time="2022-01-25 16:30:29.333" level=error msg="Error 1146: Table 'auction.holders' doesn't exist" func=auction/models.FindLastHoldersRank file="C:/Users/chunde01/Desktop/work/dapp/backend/models/contract.go:101"
time="2022-01-25 16:30:29.334" level=error msg="Error 1146: Table 'auction.holders' doesn't exist" func=auction/routers/comm.getLastRank file="C:/Users/chunde01/Desktop/work/dapp/backend/routers/comm/comm_service.go:11"
time="2022-01-25 16:30:29.334" level=error msg="Error 1146: Table 'auction.holders' doesn't exist" func=auction/routers/comm.GetLastRank file="C:/Users/chunde01/Desktop/work/dapp/backend/routers/comm/comm_router.go:24"
time="2022-01-25 16:30:29.336" level=error msg="Error 1146: Table 'auction.refresh_times' doesn't exist" func=auction/models.FindRefreshTime file="C:/Users/chunde01/Desktop/work/dapp/backend/models/contract.go:205"
time="2022-01-25 16:30:29.336" level=error msg="Error 1146: Table 'auction.refresh_times' doesn't exist" func=auction/routers/comm.getRefreshTime file="C:/Users/chunde01/Desktop/work/dapp/backend/routers/comm/comm_service.go:47"
time="2022-01-25 16:30:29.336" level=error msg="Error 1146: Table 'auction.refresh_times' doesn't exist" func=auction/routers/comm.GetRefreshTime file="C:/Users/chunde01/Desktop/work/dapp/backend/routers/comm/comm_router.go:75"
time="2022-01-25 16:30:29.337" level=error msg="Error 1146: Table 'auction.holders' doesn't exist" func=auction/models.FindCurrentHoldersRank file="C:/Users/chunde01/Desktop/work/dapp/backend/models/contract.go:114"
time="2022-01-25 16:30:29.337" level=error msg="Error 1146: Table 'auction.holders' doesn't exist" func=auction/routers/comm.getCurrentRank file="C:/Users/chunde01/Desktop/work/dapp/backend/routers/comm/comm_service.go:20"
time="2022-01-25 16:30:29.338" level=error msg="Error 1146: Table 'auction.holders' doesn't exist" func=auction/routers/comm.GetCurrentRank file="C:/Users/chunde01/Desktop/work/dapp/backend/routers/comm/comm_router.go:34"
time="2022-01-25 16:30:43.224" level=error msg="Error 1146: Table 'auction.holders' doesn't exist" func=auction/models.FindLastHoldersRank file="C:/Users/chunde01/Desktop/work/dapp/backend/models/contract.go:101"
time="2022-01-25 16:30:43.224" level=error msg="Error 1146: Table 'auction.holders' doesn't exist" func=auction/models.FindCurrentHoldersRank file="C:/Users/chunde01/Desktop/work/dapp/backend/models/contract.go:114"
time="2022-01-25 16:30:43.225" level=error msg="Error 1146: Table 'auction.holders' doesn't exist" func=auction/routers/comm.getLastRank file="C:/Users/chunde01/Desktop/work/dapp/backend/routers/comm/comm_service.go:11"
time="2022-01-25 16:30:43.225" level=error msg="Error 1146: Table 'auction.holders' doesn't exist" func=auction/routers/comm.getCurrentRank file="C:/Users/chunde01/Desktop/work/dapp/backend/routers/comm/comm_service.go:20"
time="2022-01-25 16:30:43.226" level=error msg="Error 1146: Table 'auction.holders' doesn't exist" func=auction/routers/comm.GetLastRank file="C:/Users/chunde01/Desktop/work/dapp/backend/routers/comm/comm_router.go:24"
time="2022-01-25 16:30:43.226" level=error msg="Error 1146: Table 'auction.refresh_times' doesn't exist" func=auction/models.FindRefreshTime file="C:/Users/chunde01/Desktop/work/dapp/backend/models/contract.go:205"
time="2022-01-25 16:30:43.226" level=error msg="Error 1146: Table 'auction.holders' doesn't exist" func=auction/routers/comm.GetCurrentRank file="C:/Users/chunde01/Desktop/work/dapp/backend/routers/comm/comm_router.go:34"
time="2022-01-25 16:30:43.227" level=error msg="Error 1146: Table 'auction.refresh_times' doesn't exist" func=auction/routers/comm.getRefreshTime file="C:/Users/chunde01/Desktop/work/dapp/backend/routers/comm/comm_service.go:47"
time="2022-01-25 16:30:43.228" level=error msg="Error 1146: Table 'auction.refresh_times' doesn't exist" func=auction/routers/comm.GetRefreshTime file="C:/Users/chunde01/Desktop/work/dapp/backend/routers/comm/comm_router.go:75"
time="2022-01-25 16:30:54.448" level=error msg="Error 1146: Table 'auction.holders' doesn't exist" func=auction/models.FindCurrentHoldersRank file="C:/Users/chunde01/Desktop/work/dapp/backend/models/contract.go:114"
time="2022-01-25 16:30:54.449" level=error msg="Error 1146: Table 'auction.holders' doesn't exist" func=auction/routers/comm.getCurrentRank file="C:/Users/chunde01/Desktop/work/dapp/backend/routers/comm/comm_service.go:20"
time="2022-01-25 16:30:54.449" level=error msg="Error 1146: Table 'auction.holders' doesn't exist" func=auction/routers/comm.GetCurrentRank file="C:/Users/chunde01/Desktop/work/dapp/backend/routers/comm/comm_router.go:34"
time="2022-01-25 16:30:54.450" level=error msg="Error 1146: Table 'auction.holders' doesn't exist" func=auction/models.FindLastHoldersRank file="C:/Users/chunde01/Desktop/work/dapp/backend/models/contract.go:101"
time="2022-01-25 16:30:54.450" level=error msg="Error 1146: Table 'auction.refresh_times' doesn't exist" func=auction/models.FindRefreshTime file="C:/Users/chunde01/Desktop/work/dapp/backend/models/contract.go:205"
time="2022-01-25 16:30:54.450" level=error msg="Error 1146: Table 'auction.holders' doesn't exist" func=auction/routers/comm.getLastRank file="C:/Users/chunde01/Desktop/work/dapp/backend/routers/comm/comm_service.go:11"
time="2022-01-25 16:30:54.451" level=error msg="Error 1146: Table 'auction.refresh_times' doesn't exist" func=auction/routers/comm.getRefreshTime file="C:/Users/chunde01/Desktop/work/dapp/backend/routers/comm/comm_service.go:47"
time="2022-01-25 16:30:54.451" level=error msg="Error 1146: Table 'auction.holders' doesn't exist" func=auction/routers/comm.GetLastRank file="C:/Users/chunde01/Desktop/work/dapp/backend/routers/comm/comm_router.go:24"
time="2022-01-25 16:30:54.451" level=error msg="Error 1146: Table 'auction.refresh_times' doesn't exist" func=auction/routers/comm.GetRefreshTime file="C:/Users/chunde01/Desktop/work/dapp/backend/routers/comm/comm_router.go:75"
time="2022-01-25 16:31:11.248" level=error msg="Error 1146: Table 'auction.holders' doesn't exist" func=auction/models.FindLastHoldersRank file="C:/Users/chunde01/Desktop/work/dapp/backend/models/contract.go:101"
time="2022-01-25 16:31:11.249" level=error msg="Error 1146: Table 'auction.holders' doesn't exist" func=auction/routers/comm.getLastRank file="C:/Users/chunde01/Desktop/work/dapp/backend/routers/comm/comm_service.go:11"
time="2022-01-25 16:31:11.249" level=error msg="Error 1146: Table 'auction.holders' doesn't exist" func=auction/routers/comm.GetLastRank file="C:/Users/chunde01/Desktop/work/dapp/backend/routers/comm/comm_router.go:24"
time="2022-01-25 16:31:11.250" level=error msg="Error 1146: Table 'auction.holders' doesn't exist" func=auction/models.FindCurrentHoldersRank file="C:/Users/chunde01/Desktop/work/dapp/backend/models/contract.go:114"
time="2022-01-25 16:31:11.250" level=error msg="Error 1146: Table 'auction.holders' doesn't exist" func=auction/routers/comm.getCurrentRank file="C:/Users/chunde01/Desktop/work/dapp/backend/routers/comm/comm_service.go:20"
time="2022-01-25 16:31:11.250" level=error msg="Error 1146: Table 'auction.holders' doesn't exist" func=auction/routers/comm.GetCurrentRank file="C:/Users/chunde01/Desktop/work/dapp/backend/routers/comm/comm_router.go:34"
time="2022-01-25 16:31:11.250" level=error msg="Error 1146: Table 'auction.refresh_times' doesn't exist" func=auction/models.FindRefreshTime file="C:/Users/chunde01/Desktop/work/dapp/backend/models/contract.go:205"
time="2022-01-25 16:31:11.251" level=error msg="Error 1146: Table 'auction.refresh_times' doesn't exist" func=auction/routers/comm.getRefreshTime file="C:/Users/chunde01/Desktop/work/dapp/backend/routers/comm/comm_service.go:47"
time="2022-01-25 16:31:11.251" level=error msg="Error 1146: Table 'auction.refresh_times' doesn't exist" func=auction/routers/comm.GetRefreshTime file="C:/Users/chunde01/Desktop/work/dapp/backend/routers/comm/comm_router.go:75"
time="2022-01-25 16:31:15.316" level=error msg="Error 1146: Table 'auction.holders' doesn't exist" func=auction/models.FindLastHoldersRank file="C:/Users/chunde01/Desktop/work/dapp/backend/models/contract.go:101"
time="2022-01-25 16:31:15.317" level=error msg="Error 1146: Table 'auction.holders' doesn't exist" func=auction/routers/comm.getLastRank file="C:/Users/chunde01/Desktop/work/dapp/backend/routers/comm/comm_service.go:11"
time="2022-01-25 16:31:15.317" level=error msg="Error 1146: Table 'auction.holders' doesn't exist" func=auction/routers/comm.GetLastRank file="C:/Users/chunde01/Desktop/work/dapp/backend/routers/comm/comm_router.go:24"
time="2022-01-25 16:31:15.318" level=error msg="Error 1146: Table 'auction.holders' doesn't exist" func=auction/models.FindCurrentHoldersRank file="C:/Users/chunde01/Desktop/work/dapp/backend/models/contract.go:114"
time="2022-01-25 16:31:15.318" level=error msg="Error 1146: Table 'auction.holders' doesn't exist" func=auction/routers/comm.getCurrentRank file="C:/Users/chunde01/Desktop/work/dapp/backend/routers/comm/comm_service.go:20"
time="2022-01-25 16:31:15.319" level=error msg="Error 1146: Table 'auction.holders' doesn't exist" func=auction/routers/comm.GetCurrentRank file="C:/Users/chunde01/Desktop/work/dapp/backend/routers/comm/comm_router.go:34"
time="2022-01-25 16:31:15.320" level=error msg="Error 1146: Table 'auction.refresh_times' doesn't exist" func=auction/models.FindRefreshTime file="C:/Users/chunde01/Desktop/work/dapp/backend/models/contract.go:205"
time="2022-01-25 16:31:15.321" level=error msg="Error 1146: Table 'auction.refresh_times' doesn't exist" func=auction/routers/comm.getRefreshTime file="C:/Users/chunde01/Desktop/work/dapp/backend/routers/comm/comm_service.go:47"
time="2022-01-25 16:31:15.321" level=error msg="Error 1146: Table 'auction.refresh_times' doesn't exist" func=auction/routers/comm.GetRefreshTime file="C:/Users/chunde01/Desktop/work/dapp/backend/routers/comm/comm_router.go:75"
time="2022-01-25 16:31:42.229" level=error msg="Error 1146: Table 'auction.holders' doesn't exist" func=auction/models.FindLastHoldersRank file="C:/Users/chunde01/Desktop/work/dapp/backend/models/contract.go:101"
time="2022-01-25 16:31:42.230" level=error msg="Error 1146: Table 'auction.holders' doesn't exist" func=auction/routers/comm.getLastRank file="C:/Users/chunde01/Desktop/work/dapp/backend/routers/comm/comm_service.go:11"
time="2022-01-25 16:31:42.230" level=error msg="Error 1146: Table 'auction.holders' doesn't exist" func=auction/routers/comm.GetLastRank file="C:/Users/chunde01/Desktop/work/dapp/backend/routers/comm/comm_router.go:24"
time="2022-01-25 16:31:42.231" level=error msg="Error 1146: Table 'auction.refresh_times' doesn't exist" func=auction/models.FindRefreshTime file="C:/Users/chunde01/Desktop/work/dapp/backend/models/contract.go:205"
time="2022-01-25 16:31:42.232" level=error msg="Error 1146: Table 'auction.refresh_times' doesn't exist" func=auction/routers/comm.getRefreshTime file="C:/Users/chunde01/Desktop/work/dapp/backend/routers/comm/comm_service.go:47"
time="2022-01-25 16:31:42.232" level=error msg="Error 1146: Table 'auction.refresh_times' doesn't exist" func=auction/routers/comm.GetRefreshTime file="C:/Users/chunde01/Desktop/work/dapp/backend/routers/comm/comm_router.go:75"
time="2022-01-25 16:31:42.233" level=error msg="Error 1146: Table 'auction.holders' doesn't exist" func=auction/models.FindCurrentHoldersRank file="C:/Users/chunde01/Desktop/work/dapp/backend/models/contract.go:114"
time="2022-01-25 16:31:42.233" level=error msg="Error 1146: Table 'auction.holders' doesn't exist" func=auction/routers/comm.getCurrentRank file="C:/Users/chunde01/Desktop/work/dapp/backend/routers/comm/comm_service.go:20"
time="2022-01-25 16:31:42.234" level=error msg="Error 1146: Table 'auction.holders' doesn't exist" func=auction/routers/comm.GetCurrentRank file="C:/Users/chunde01/Desktop/work/dapp/backend/routers/comm/comm_router.go:34"
time="2022-01-25 16:32:01.357" level=fatal msg="db err: Error 1045: Access denied for user 'root'@'localhost' (using password: YES)" func=auction/db.Init file="C:/Users/chunde01/Desktop/work/dapp/backend/db/database.go:32"
time="2022-02-07 15:51:05.118" level=fatal msg="db err: dial tcp: lookup api.bydk.network: no such host" func=auction/db.Init file="C:/Users/chunde01/Desktop/work/dapp/backend/db/database.go:32"
time="2022-02-07 15:53:51.151" level=fatal msg="db err: dial tcp: lookup api.bydk.network: no such host" func=auction/db.Init file="C:/Users/chunde01/Desktop/work/dapp/backend/db/database.go:32"
time="2022-02-07 16:07:38.391" level=error msg="The service is unavailable." func=auction/utils.TimerBy7Minute file="C:/Users/chunde01/Desktop/work/dapp/backend/utils/timer.go:143"
